<?xml version="1.0" encoding="UTF-8"?>
<testng-results ignored="0" total="1" passed="1" failed="0" skipped="0">
  <reporter-output>
  </reporter-output>
  <suite started-at="2024-07-31T00:10:07 IST" name="Default suite" finished-at="2024-07-31T00:10:18 IST" duration-ms="10546">
    <groups>
      <group name="cucumber">
        <method signature="AbstractTestNGCucumberTests.runScenario(io.cucumber.testng.PickleWrapper,io.cucumber.testng.FeatureWrapper)[pri:0, instance:automationTestRunner.AutomationTestCase26@62379589]" name="runScenario" class="io.cucumber.testng.AbstractTestNGCucumberTests"/>
      </group> <!-- cucumber -->
    </groups>
    <test started-at="2024-07-31T00:10:07 IST" name="Default test" finished-at="2024-07-31T00:10:18 IST" duration-ms="10546">
      <class name="automationTestRunner.AutomationTestCase26">
        <test-method is-config="true" signature="setUpClass(org.testng.ITestContext)[pri:0, instance:automationTestRunner.AutomationTestCase26@62379589]" started-at="2024-07-31T00:10:07 IST" name="setUpClass" finished-at="2024-07-31T00:10:08 IST" duration-ms="1057" status="PASS">
          <params>
            <param index="0">
              <value>
                <![CDATA[org.testng.TestRunner@41f4fe5]]>
              </value>
            </param>
          </params>
          <reporter-output>
          </reporter-output>
        </test-method> <!-- setUpClass -->
        <test-method signature="runScenario(io.cucumber.testng.PickleWrapper,io.cucumber.testng.FeatureWrapper)[pri:0, instance:automationTestRunner.AutomationTestCase26@62379589]" started-at="2024-07-31T00:10:08 IST" name="runScenario" description="Runs Cucumber Scenarios" data-provider="scenarios" finished-at="2024-07-31T00:10:18 IST" duration-ms="9324" status="PASS">
          <params>
            <param index="0">
              <value>
                <![CDATA["user verify scroll up without using arrow button and scroll down functionality"]]>
              </value>
            </param>
            <param index="1">
              <value>
                <![CDATA["Automating the extra features"]]>
              </value>
            </param>
          </params>
          <reporter-output>
          </reporter-output>
        </test-method> <!-- runScenario -->
        <test-method is-config="true" signature="tearDownClass()[pri:0, instance:automationTestRunner.AutomationTestCase26@62379589]" started-at="2024-07-31T00:10:18 IST" name="tearDownClass" finished-at="2024-07-31T00:10:18 IST" duration-ms="44" status="PASS">
          <reporter-output>
          </reporter-output>
        </test-method> <!-- tearDownClass -->
      </class> <!-- automationTestRunner.AutomationTestCase26 -->
    </test> <!-- Default test -->
  </suite> <!-- Default suite -->
</testng-results>
